Arguments: 
  E:\Environment\nodejs\node.exe E:\Environment\yarn\bin\yarn.js init

PATH: 
  C:\WINDOWS\system32;C:\WINDOWS;C:\WINDOWS\System32\Wbem;C:\WINDOWS\System32\WindowsPowerShell\v1.0\;E:\Environment\Mongo\bin;E:\Environment\yarn\bin;E:\Environment\nodejs\;E:\Environment\Git\cmd;E:\CodeEditor\Anaconda;E:\CodeEditor\Anaconda\Library\mingw-w64\bin;E:\CodeEditor\Anaconda\Library\usr\bin;E:\CodeEditor\Anaconda\Library\bin;E:\CodeEditor\Anaconda\Scripts;E:\Environment\Ruby24-x64\bin;C:\Users\liangck\AppData\Local\Microsoft\WindowsApps;C:\Users\liangck\AppData\Local\Yarn\bin;C:\Users\liangck\AppData\Roaming\npm

Yarn version: 
  1.3.2

Node version: 
  8.9.4

Platform: 
  win32 x64

npm manifest: 
  {
    "dependencies": {
      "jquery": "^3.3.1"
    }
  }

yarn manifest: 
  No manifest

Lockfile: 
  # THIS IS AN AUTOGENERATED FILE. DO NOT EDIT THIS FILE DIRECTLY.
  # yarn lockfile v1
  
  
  jquery@^3.3.1:
    version "3.3.1"
    resolved "https://registry.yarnpkg.com/jquery/-/jquery-3.3.1.tgz#958ce29e81c9790f31be7792df5d4d95fc57fbca"

Trace: 
  Error: canceled
      at Interface.<anonymous> (E:\Environment\yarn\lib\cli.js:121045:13)
      at emitNone (events.js:106:13)
      at Interface.emit (events.js:208:7)
      at Interface._ttyWrite (readline.js:775:16)
      at ReadStream.onkeypress (readline.js:160:10)
      at emitTwo (events.js:126:13)
      at ReadStream.emit (events.js:214:7)
      at emitKeys (internal/readline.js:420:14)
      at emitKeys.next (<anonymous>)
      at ReadStream.onData (readline.js:1011:36)
